<?xml version="1.0" encoding="UTF-8" ?>
<testsuite tests="27" failures="0" name="testRunner.TestRunner" time="0.006" errors="0" skipped="0">
  <properties>
[...]
</properties>
  <testcase classname="| Carbon credits |" name="Given The API URI under test" time="0.002"/>
  <testcase classname="| Carbon credits |" name="When I send a GET request" time="0"/>
  <testcase classname="| Carbon credits |" name="Then I can validate that the Name is &quot;Carbon credits&quot;" time="0"/>
  <testcase classname="| Carbon credits |" name="| Carbon credits |" time="0"/>
  <testcase classname="Scenario: Verify that the CanRelist element is true" name="Given The API URI under test" time="0"/>
  <testcase classname="Scenario: Verify that the CanRelist element is true" name="When I send a GET request" time="0"/>
  <testcase classname="Scenario: Verify that the CanRelist element is true" name="Then I can validate that CanRelist is true" time="0"/>
  <testcase classname="Scenario: Verify that the CanRelist element is true" name="Scenario: Verify that the CanRelist element is true" time="0"/>
  <testcase classname="| Gallery | 2x larger image |" name="Given The API URI under test" time="0.001"/>
  <testcase classname="| Gallery | 2x larger image |" name="When I send a GET request" time="0"/>
  <testcase classname="| Gallery | 2x larger image |" name="Then I can validate that the Promotions element with Name &quot;Gallery&quot; has a Description that contains the text &quot;2x larger image&quot;" time="0"/>
  <testcase classname="| Gallery | 2x larger image |" name="| Gallery | 2x larger image |" time="0"/>
  <testcase classname="| Wine | 114 |" name="Given The TradeMe Sandbox home page" time="0"/>
  <testcase classname="| Wine | 114 |" name="When I search for &quot;Wine&quot;" time="0"/>
  <testcase classname="| Wine | 114 |" name="Then There is &quot;114&quot; search results" time="0"/>
  <testcase classname="| Wine | 114 |" name="| Wine | 114 |" time="0"/>
  <testcase classname="| Wine | Canterbury | 6 |" name="Given The TradeMe Sandbox home page" time="0"/>
  <testcase classname="| Wine | Canterbury | 6 |" name="When I search for &quot;Wine&quot;" time="0"/>
  <testcase classname="| Wine | Canterbury | 6 |" name="And I choose the location &quot;Canterbury&quot;" time="0"/>
  <testcase classname="| Wine | Canterbury | 6 |" name="Then There is &quot;6&quot; search results" time="0"/>
  <testcase classname="| Wine | Canterbury | 6 |" name="| Wine | Canterbury | 6 |" time="0.001"/>
  <testcase classname="| Wine | Canterbury | A Big Little House |" name="Given The TradeMe Sandbox home page" time="0"/>
  <testcase classname="| Wine | Canterbury | A Big Little House |" name="When I search for &quot;Wine&quot;" time="0"/>
  <testcase classname="| Wine | Canterbury | A Big Little House |" name="And I choose the location &quot;Canterbury&quot;" time="0"/>
  <testcase classname="| Wine | Canterbury | A Big Little House |" name="And I click on the first result" time="0.001"/>
  <testcase classname="| Wine | Canterbury | A Big Little House |" name="Then The title of the auction page is &quot;A Big Little House&quot;" time="0"/>
  <testcase classname="| Wine | Canterbury | A Big Little House |" name="| Wine | Canterbury | A Big Little House |" time="0.001"/>
</testsuite>